<?xml version="1.0" encoding="UTF-8"?>
<!-- Generated by org.testng.reporters.JUnitReportReporter -->
<testsuite hostname="C02HG794Q6L5" failures="0" tests="1" name="Cucumber.TestRunner" time="77.937" errors="0" timestamp="2024-06-20T17:44:22 IST" skipped="0">
  <testcase classname="Cucumber.TestRunner" name="runScenario" time="77.937"/>
</testsuite> <!-- Cucumber.TestRunner -->
