<?xml version="1.0" encoding="UTF-8"?>
<!-- Generated by org.testng.reporters.JUnitReportReporter -->
<testsuite hostname="C02HG794Q6L5" failures="0" tests="3" name="Rahulshettyacademy.SubmitOrderTest" time="110.658" errors="0" timestamp="2024-06-10T21:48:54 IST" skipped="0">
  <testcase classname="Rahulshettyacademy.SubmitOrderTest" name="submitOrder" time="47.883"/>
  <testcase classname="Rahulshettyacademy.SubmitOrderTest" name="OrderHistory" time="19.293"/>
  <testcase classname="Rahulshettyacademy.SubmitOrderTest" name="submitOrder" time="43.482"/>
</testsuite> <!-- Rahulshettyacademy.SubmitOrderTest -->
